Connecting to database specified by database.yml


Started GET "/dictionaries/38" for 127.0.0.1 at 2013-10-08 17:45:57 +0900
Processing by DictionariesController#show as HTML
  Parameters: {"id"=>"38"}
  [1m[36mUser Load (1.9ms)[0m  [1mSELECT "users".* FROM "users" WHERE "users"."id" = 1 LIMIT 1[0m
  [1m[35mDictionary Load (2.0ms)[0m  SELECT "dictionaries".* FROM "dictionaries" WHERE "dictionaries"."id" = $1 ORDER BY title LIMIT 1  [["id", "38"]]
  [1m[36m (0.6ms)[0m  [1mSELECT COUNT(*) FROM "entries" WHERE "entries"."dictionary_id" = 38[0m
  [1m[35mUserDictionary Load (0.6ms)[0m  SELECT "user_dictionaries".* FROM "user_dictionaries" WHERE "user_dictionaries"."dictionary_id" = 38 AND "user_dictionaries"."user_id" = 1 LIMIT 1
  [1m[36m (0.6ms)[0m  [1mSELECT COUNT(*) FROM "new_entries" WHERE "new_entries"."user_dictionary_id" = 8[0m
  [1m[35mCACHE (0.0ms)[0m  SELECT COUNT(*) FROM "entries" WHERE "entries"."dictionary_id" = 38
  [1m[36mEntry Load (1.1ms)[0m  [1mSELECT "entries".* FROM "entries" WHERE "entries"."dictionary_id" = 38 ORDER BY view_title LIMIT 15 OFFSET 0[0m
  [1m[35mCACHE (0.0ms)[0m  SELECT COUNT(*) FROM "entries" WHERE "entries"."dictionary_id" = 38
  [1m[36mRemovedEntry Load (0.4ms)[0m  [1mSELECT "removed_entries".* FROM "removed_entries" WHERE "removed_entries"."user_dictionary_id" = 8 AND "removed_entries"."entry_id" = 1326444 LIMIT 1[0m
  [1m[35mCACHE (0.0ms)[0m  SELECT "removed_entries".* FROM "removed_entries" WHERE "removed_entries"."user_dictionary_id" = 8 AND "removed_entries"."entry_id" = 1326444 LIMIT 1
  [1m[36mRemovedEntry Load (0.4ms)[0m  [1mSELECT "removed_entries".* FROM "removed_entries" WHERE "removed_entries"."user_dictionary_id" = 8 AND "removed_entries"."entry_id" = 1326391 LIMIT 1[0m
  [1m[35mCACHE (0.0ms)[0m  SELECT "removed_entries".* FROM "removed_entries" WHERE "removed_entries"."user_dictionary_id" = 8 AND "removed_entries"."entry_id" = 1326391 LIMIT 1
  [1m[36mRemovedEntry Load (0.3ms)[0m  [1mSELECT "removed_entries".* FROM "removed_entries" WHERE "removed_entries"."user_dictionary_id" = 8 AND "removed_entries"."entry_id" = 1326387 LIMIT 1[0m
  [1m[35mCACHE (0.0ms)[0m  SELECT "removed_entries".* FROM "removed_entries" WHERE "removed_entries"."user_dictionary_id" = 8 AND "removed_entries"."entry_id" = 1326387 LIMIT 1
  [1m[36mRemovedEntry Load (0.3ms)[0m  [1mSELECT "removed_entries".* FROM "removed_entries" WHERE "removed_entries"."user_dictionary_id" = 8 AND "removed_entries"."entry_id" = 1326396 LIMIT 1[0m
  [1m[35mCACHE (0.0ms)[0m  SELECT "removed_entries".* FROM "removed_entries" WHERE "removed_entries"."user_dictionary_id" = 8 AND "removed_entries"."entry_id" = 1326396 LIMIT 1
  [1m[36mRemovedEntry Load (0.3ms)[0m  [1mSELECT "removed_entries".* FROM "removed_entries" WHERE "removed_entries"."user_dictionary_id" = 8 AND "removed_entries"."entry_id" = 1326394 LIMIT 1[0m
  [1m[35mCACHE (0.0ms)[0m  SELECT "removed_entries".* FROM "removed_entries" WHERE "removed_entries"."user_dictionary_id" = 8 AND "removed_entries"."entry_id" = 1326394 LIMIT 1
  [1m[36mRemovedEntry Load (0.3ms)[0m  [1mSELECT "removed_entries".* FROM "removed_entries" WHERE "removed_entries"."user_dictionary_id" = 8 AND "removed_entries"."entry_id" = 1326401 LIMIT 1[0m
  [1m[35mCACHE (0.0ms)[0m  SELECT "removed_entries".* FROM "removed_entries" WHERE "removed_entries"."user_dictionary_id" = 8 AND "removed_entries"."entry_id" = 1326401 LIMIT 1
  [1m[36mRemovedEntry Load (0.3ms)[0m  [1mSELECT "removed_entries".* FROM "removed_entries" WHERE "removed_entries"."user_dictionary_id" = 8 AND "removed_entries"."entry_id" = 1326400 LIMIT 1[0m
  [1m[35mCACHE (0.0ms)[0m  SELECT "removed_entries".* FROM "removed_entries" WHERE "removed_entries"."user_dictionary_id" = 8 AND "removed_entries"."entry_id" = 1326400 LIMIT 1
  [1m[36mRemovedEntry Load (0.3ms)[0m  [1mSELECT "removed_entries".* FROM "removed_entries" WHERE "removed_entries"."user_dictionary_id" = 8 AND "removed_entries"."entry_id" = 1326405 LIMIT 1[0m
  [1m[35mCACHE (0.0ms)[0m  SELECT "removed_entries".* FROM "removed_entries" WHERE "removed_entries"."user_dictionary_id" = 8 AND "removed_entries"."entry_id" = 1326405 LIMIT 1
  [1m[36mRemovedEntry Load (0.3ms)[0m  [1mSELECT "removed_entries".* FROM "removed_entries" WHERE "removed_entries"."user_dictionary_id" = 8 AND "removed_entries"."entry_id" = 1326410 LIMIT 1[0m
  [1m[35mCACHE (0.0ms)[0m  SELECT "removed_entries".* FROM "removed_entries" WHERE "removed_entries"."user_dictionary_id" = 8 AND "removed_entries"."entry_id" = 1326410 LIMIT 1
  [1m[36mRemovedEntry Load (0.3ms)[0m  [1mSELECT "removed_entries".* FROM "removed_entries" WHERE "removed_entries"."user_dictionary_id" = 8 AND "removed_entries"."entry_id" = 1326415 LIMIT 1[0m
  [1m[35mCACHE (0.0ms)[0m  SELECT "removed_entries".* FROM "removed_entries" WHERE "removed_entries"."user_dictionary_id" = 8 AND "removed_entries"."entry_id" = 1326415 LIMIT 1
  [1m[36mRemovedEntry Load (0.4ms)[0m  [1mSELECT "removed_entries".* FROM "removed_entries" WHERE "removed_entries"."user_dictionary_id" = 8 AND "removed_entries"."entry_id" = 1326420 LIMIT 1[0m
  [1m[35mCACHE (0.0ms)[0m  SELECT "removed_entries".* FROM "removed_entries" WHERE "removed_entries"."user_dictionary_id" = 8 AND "removed_entries"."entry_id" = 1326420 LIMIT 1
  [1m[36mRemovedEntry Load (0.3ms)[0m  [1mSELECT "removed_entries".* FROM "removed_entries" WHERE "removed_entries"."user_dictionary_id" = 8 AND "removed_entries"."entry_id" = 1326425 LIMIT 1[0m
  [1m[35mCACHE (0.0ms)[0m  SELECT "removed_entries".* FROM "removed_entries" WHERE "removed_entries"."user_dictionary_id" = 8 AND "removed_entries"."entry_id" = 1326425 LIMIT 1
  [1m[36mRemovedEntry Load (0.3ms)[0m  [1mSELECT "removed_entries".* FROM "removed_entries" WHERE "removed_entries"."user_dictionary_id" = 8 AND "removed_entries"."entry_id" = 1326428 LIMIT 1[0m
  [1m[35mCACHE (0.0ms)[0m  SELECT "removed_entries".* FROM "removed_entries" WHERE "removed_entries"."user_dictionary_id" = 8 AND "removed_entries"."entry_id" = 1326428 LIMIT 1
  [1m[36mRemovedEntry Load (0.2ms)[0m  [1mSELECT "removed_entries".* FROM "removed_entries" WHERE "removed_entries"."user_dictionary_id" = 8 AND "removed_entries"."entry_id" = 1326430 LIMIT 1[0m
  [1m[35mCACHE (0.0ms)[0m  SELECT "removed_entries".* FROM "removed_entries" WHERE "removed_entries"."user_dictionary_id" = 8 AND "removed_entries"."entry_id" = 1326430 LIMIT 1
  [1m[36mRemovedEntry Load (0.5ms)[0m  [1mSELECT "removed_entries".* FROM "removed_entries" WHERE "removed_entries"."user_dictionary_id" = 8 AND "removed_entries"."entry_id" = 1326434 LIMIT 1[0m
  [1m[35mCACHE (0.0ms)[0m  SELECT "removed_entries".* FROM "removed_entries" WHERE "removed_entries"."user_dictionary_id" = 8 AND "removed_entries"."entry_id" = 1326434 LIMIT 1
  Rendered entries/_entry.html.erb (42.6ms)
  [1m[36mNewEntry Load (0.6ms)[0m  [1mSELECT "new_entries".* FROM "new_entries" WHERE "new_entries"."user_dictionary_id" = 8 LIMIT 10 OFFSET 0[0m
  Rendered new_entries/_new_entry.html.erb (2.1ms)
  Rendered dictionaries/show.html.erb within layouts/application (86.5ms)
Completed 200 OK in 373ms (Views: 232.5ms | ActiveRecord: 36.3ms)


Started GET "/" for 127.0.0.1 at 2013-10-08 17:46:00 +0900
Processing by DictionariesController#index as HTML
  [1m[35mUser Load (0.4ms)[0m  SELECT "users".* FROM "users" WHERE "users"."id" = 1 LIMIT 1
  [1m[36mDictionary Load (0.2ms)[0m  [1mSELECT "dictionaries".* FROM "dictionaries" ORDER BY title[0m
  Rendered dictionaries/index.html.erb within layouts/application (2.4ms)
Completed 200 OK in 43ms (Views: 40.3ms | ActiveRecord: 0.6ms)
